2021-03-21 01:59:34 info: ---------------------------------------
2021-03-21 01:59:34 info: >>> Running Unit Test `ex1-johnWho` <<<
2021-03-21 01:59:34 info: ---------------------------------------
2021-03-21 01:59:34 info: Exercise has not yet been modified
2021-03-21 01:59:45 info: All unit tests passed.
2021-03-21 01:59:53 info: All steps were completed successfully
2021-03-21 02:00:31 info: ---------------------------------------
2021-03-21 02:00:31 info: >>> Running Unit Test `ex1-johnWho` <<<
2021-03-21 02:00:31 info: ---------------------------------------
2021-03-21 02:00:42 info: All unit tests passed.
2021-03-21 02:00:50 info: All steps were completed successfully
2021-03-21 02:09:06 info: -------------------------------------------------
2021-03-21 02:09:06 info: >>> Running Unit Test `ex2-checkDoubleDigits` <<<
2021-03-21 02:09:06 info: -------------------------------------------------
2021-03-21 02:09:15 info: All unit tests passed.
2021-03-21 02:09:23 info: All steps were completed successfully
2021-03-21 02:09:39 info: ---------------------------------------
2021-03-21 02:09:39 info: >>> Running Unit Test `ex1-johnWho` <<<
2021-03-21 02:09:39 info: ---------------------------------------
2021-03-21 02:09:49 info: All unit tests passed.
2021-03-21 02:09:57 info: All steps were completed successfully
2021-03-23 01:44:21 info: ----------------------------------------
2021-03-23 01:44:21 info: >>> Running Unit Test `ex3-rollDice` <<<
2021-03-23 01:44:21 info: ----------------------------------------
2021-03-23 01:44:33 info: All unit tests passed.
2021-03-23 01:44:44 info: All steps were completed successfully
2021-03-23 02:02:25 info: ----------------------------------------
2021-03-23 02:02:25 info: >>> Running Unit Test `ex3-rollDice` <<<
2021-03-23 02:02:25 info: ----------------------------------------
2021-03-23 02:02:34 info: All unit tests passed.
2021-03-23 02:02:42 error: *** Spell Checker Report ***

ex3-rollDice.js:47:48 - Unknown word (catched)

2021-03-23 02:03:02 info: ----------------------------------------
2021-03-23 02:03:02 info: >>> Running Unit Test `ex3-rollDice` <<<
2021-03-23 02:03:02 info: ----------------------------------------
2021-03-23 02:03:09 info: All unit tests passed.
2021-03-23 02:03:17 info: All steps were completed successfully
2021-03-23 02:03:28 info: --------------------------------------------
2021-03-23 02:03:28 info: >>> Running Unit Test `ex4-pokerDiceAll` <<<
2021-03-23 02:03:28 info: --------------------------------------------
2021-03-23 02:03:37 info: All unit tests passed.
2021-03-23 02:03:44 info: All steps were completed successfully
2021-03-23 02:04:02 info: ---------------------------------------
2021-03-23 02:04:02 info: >>> Running Unit Test `ex1-johnWho` <<<
2021-03-23 02:04:02 info: ---------------------------------------
2021-03-23 02:04:11 info: All unit tests passed.
2021-03-23 02:04:19 info: All steps were completed successfully
2021-03-23 02:04:32 info: -------------------------------------------------
2021-03-23 02:04:32 info: >>> Running Unit Test `ex2-checkDoubleDigits` <<<
2021-03-23 02:04:32 info: -------------------------------------------------
2021-03-23 02:04:40 info: All unit tests passed.
2021-03-23 02:04:47 info: All steps were completed successfully
